<?xml version="1.0" encoding="utf-8"?><testsuites><testsuite errors="0" failures="0" hostname="MININT-44293CS" name="pytest" skipped="0" tests="0" time="1.523" timestamp="2021-06-23T16:45:11.535118" /></testsuites>